<?xml version="1.0" encoding="UTF-8"?>
<testng-results ignored="0" total="1" passed="0" failed="1" skipped="0">
  <reporter-output>
  </reporter-output>
  <suite started-at="2024-01-01T16:25:55 IST" name="Booking Test Suite" finished-at="2024-01-01T16:25:59 IST" duration-ms="4537">
    <groups>
    </groups>
    <test started-at="2024-01-01T16:25:55 IST" name="Booking Test" finished-at="2024-01-01T16:25:59 IST" duration-ms="4537">
      <class name="com.booking.Test.BookingTest">
        <test-method signature="createBookingAndVerifyResponse()[pri:0, instance:com.booking.Test.BookingTest@4b0d79fc]" started-at="2024-01-01T16:25:55 IST" name="createBookingAndVerifyResponse" finished-at="2024-01-01T16:25:59 IST" duration-ms="4145" status="FAIL">
          <exception class="java.lang.AssertionError">
            <message>
              <![CDATA[expected [Booking(firstname=Genny, lastname=Wiza, totalprice=3453, depositpaid=true, bookingdates=com.booking.pojos.BookingDates@7fa85a55, additionalneeds=Lunch)] but found [Booking(firstname=Thaddeus, lastname=Morar, totalprice=1407, depositpaid=false, bookingdates=com.booking.pojos.BookingDates@cb1c58c, additionalneeds=Breakfast)]]]>
            </message>
            <full-stacktrace>
              <![CDATA[java.lang.AssertionError: expected [Booking(firstname=Genny, lastname=Wiza, totalprice=3453, depositpaid=true, bookingdates=com.booking.pojos.BookingDates@7fa85a55, additionalneeds=Lunch)] but found [Booking(firstname=Thaddeus, lastname=Morar, totalprice=1407, depositpaid=false, bookingdates=com.booking.pojos.BookingDates@cb1c58c, additionalneeds=Breakfast)]
at org.testng.Assert.fail(Assert.java:111)
at org.testng.Assert.failNotEquals(Assert.java:1578)
at org.testng.Assert.assertEqualsImpl(Assert.java:150)
at org.testng.Assert.assertEquals(Assert.java:132)
at org.testng.Assert.assertEquals(Assert.java:644)
at com.booking.Test.BookingTest.createBookingAndVerifyResponse(BookingTest.java:87)
at java.base/jdk.internal.reflect.NativeMethodAccessorImpl.invoke0(Native Method)
at java.base/jdk.internal.reflect.NativeMethodAccessorImpl.invoke(NativeMethodAccessorImpl.java:78)
at java.base/jdk.internal.reflect.DelegatingMethodAccessorImpl.invoke(DelegatingMethodAccessorImpl.java:43)
at java.base/java.lang.reflect.Method.invoke(Method.java:567)
at org.testng.internal.invokers.MethodInvocationHelper.invokeMethod(MethodInvocationHelper.java:139)
at org.testng.internal.invokers.TestInvoker.invokeMethod(TestInvoker.java:664)
at org.testng.internal.invokers.TestInvoker.invokeTestMethod(TestInvoker.java:227)
at org.testng.internal.invokers.MethodRunner.runInSequence(MethodRunner.java:50)
at org.testng.internal.invokers.TestInvoker$MethodInvocationAgent.invoke(TestInvoker.java:957)
at org.testng.internal.invokers.TestInvoker.invokeTestMethods(TestInvoker.java:200)
at org.testng.internal.invokers.TestMethodWorker.invokeTestMethods(TestMethodWorker.java:148)
at org.testng.internal.invokers.TestMethodWorker.run(TestMethodWorker.java:128)
at java.base/java.util.ArrayList.forEach(ArrayList.java:1511)
at org.testng.TestRunner.privateRun(TestRunner.java:848)
at org.testng.TestRunner.run(TestRunner.java:621)
at org.testng.SuiteRunner.runTest(SuiteRunner.java:443)
at org.testng.SuiteRunner.runSequentially(SuiteRunner.java:437)
at org.testng.SuiteRunner.privateRun(SuiteRunner.java:397)
at org.testng.SuiteRunner.run(SuiteRunner.java:336)
at org.testng.SuiteRunnerWorker.runSuite(SuiteRunnerWorker.java:52)
at org.testng.SuiteRunnerWorker.run(SuiteRunnerWorker.java:95)
at org.testng.TestNG.runSuitesSequentially(TestNG.java:1280)
at org.testng.TestNG.runSuitesLocally(TestNG.java:1200)
at org.testng.TestNG.runSuites(TestNG.java:1114)
at org.testng.TestNG.run(TestNG.java:1082)
at org.testng.remote.AbstractRemoteTestNG.run(AbstractRemoteTestNG.java:115)
at org.testng.remote.RemoteTestNG.initAndRun(RemoteTestNG.java:251)
at org.testng.remote.RemoteTestNG.main(RemoteTestNG.java:77)
]]>
            </full-stacktrace>
          </exception> <!-- java.lang.AssertionError -->
          <reporter-output>
          </reporter-output>
        </test-method> <!-- createBookingAndVerifyResponse -->
      </class> <!-- com.booking.Test.BookingTest -->
    </test> <!-- Booking Test -->
  </suite> <!-- Booking Test Suite -->
</testng-results>
